# JRE version: OpenJDK Runtime Environment (11.0.2+9) (build 11.0.2+9)
# Java VM: OpenJDK 64-Bit Server VM (11.0.2+9, mixed mode, tiered, compressed oops, g1 gc, windows-amd64)
Heap:
 garbage-first heap   total 522240K, used 200506K [0x00000000e0000000, 0x0000000100000000)
  region size 1024K, 44 young (45056K), 21 survivors (21504K)
 Metaspace       used 76980K, capacity 78588K, committed 78720K, reserved 1118208K
  class space    used 8401K, capacity 9069K, committed 9088K, reserved 1048576K
GC Heap History (10 events):
Event: 2.885 GC heap before
{Heap before GC invocations=3 (full 0):
 garbage-first heap   total 522240K, used 97753K [0x00000000e0000000, 0x0000000100000000)
  region size 1024K, 97 young (99328K), 7 survivors (7168K)
 Metaspace       used 35058K, capacity 35810K, committed 35840K, reserved 1081344K
  class space    used 3913K, capacity 4204K, committed 4224K, reserved 1048576K
}
Event: 2.907 GC heap after
{Heap after GC invocations=4 (full 0):
 garbage-first heap   total 522240K, used 14909K [0x00000000e0000000, 0x0000000100000000)
  region size 1024K, 15 young (15360K), 15 survivors (15360K)
 Metaspace       used 35058K, capacity 35810K, committed 35840K, reserved 1081344K
  class space    used 3913K, capacity 4204K, committed 4224K, reserved 1048576K
}
Event: 6.749 GC heap before
{Heap before GC invocations=5 (full 0):
 garbage-first heap   total 522240K, used 102973K [0x00000000e0000000, 0x0000000100000000)
  region size 1024K, 98 young (100352K), 15 survivors (15360K)
 Metaspace       used 58784K, capacity 60101K, committed 60160K, reserved 1101824K
  class space    used 6351K, capacity 6905K, committed 6912K, reserved 1048576K
}
Event: 6.758 GC heap after
{Heap after GC invocations=6 (full 0):
 garbage-first heap   total 522240K, used 24241K [0x00000000e0000000, 0x0000000100000000)
  region size 1024K, 16 young (16384K), 16 survivors (16384K)
 Metaspace       used 58784K, capacity 60101K, committed 60160K, reserved 1101824K
  class space    used 6351K, capacity 6905K, committed 6912K, reserved 1048576K
}
Event: 8.001 GC heap before
{Heap before GC invocations=7 (full 0):
 garbage-first heap   total 522240K, used 130737K [0x00000000e0000000, 0x0000000100000000)
  region size 1024K, 119 young (121856K), 16 survivors (16384K)
 Metaspace       used 72282K, capacity 73762K, committed 73984K, reserved 1114112K
  class space    used 8004K, capacity 8610K, committed 8704K, reserved 1048576K
}
Event: 8.009 GC heap after
{Heap after GC invocations=8 (full 0):
 garbage-first heap   total 522240K, used 47045K [0x00000000e0000000, 0x0000000100000000)
  region size 1024K, 15 young (15360K), 15 survivors (15360K)
 Metaspace       used 72282K, capacity 73762K, committed 73984K, reserved 1114112K
  class space    used 8004K, capacity 8610K, committed 8704K, reserved 1048576K
}
Event: 8.259 GC heap before
{Heap before GC invocations=8 (full 0):
 garbage-first heap   total 522240K, used 107461K [0x00000000e0000000, 0x0000000100000000)
  region size 1024K, 69 young (70656K), 15 survivors (15360K)
 Metaspace       used 74576K, capacity 76163K, committed 76416K, reserved 1116160K
  class space    used 8290K, capacity 8966K, committed 9088K, reserved 1048576K
}
Event: 8.290 GC heap after
{Heap after GC invocations=9 (full 0):
 garbage-first heap   total 522240K, used 68818K [0x00000000e0000000, 0x0000000100000000)
  region size 1024K, 9 young (9216K), 9 survivors (9216K)
 Metaspace       used 74576K, capacity 76163K, committed 76416K, reserved 1116160K
  class space    used 8290K, capacity 8966K, committed 9088K, reserved 1048576K
}
Event: 8.554 GC heap before
{Heap before GC invocations=9 (full 0):
 garbage-first heap   total 522240K, used 250066K [0x00000000e0000000, 0x0000000100000000)
  region size 1024K, 166 young (169984K), 9 survivors (9216K)
 Metaspace       used 76152K, capacity 77765K, committed 77952K, reserved 1118208K
  class space    used 8364K, capacity 9030K, committed 9088K, reserved 1048576K
}
Event: 8.565 GC heap after
{Heap after GC invocations=10 (full 0):
 garbage-first heap   total 522240K, used 169786K [0x00000000e0000000, 0x0000000100000000)
  region size 1024K, 21 young (21504K), 21 survivors (21504K)
 Metaspace       used 76152K, capacity 77765K, committed 77952K, reserved 1118208K
  class space    used 8364K, capacity 9030K, committed 9088K, reserved 1048576K
}

