# JRE version: OpenJDK Runtime Environment (11.0.2+9) (build 11.0.2+9)
# Java VM: OpenJDK 64-Bit Server VM (11.0.2+9, mixed mode, tiered, compressed oops, g1 gc, windows-amd64)
Heap:
 garbage-first heap   total 522240K, used 167936K [0x00000000e0000000, 0x0000000100000000)
  region size 1024K, 105 young (107520K), 24 survivors (24576K)
 Metaspace       used 77043K, capacity 78588K, committed 78796K, reserved 1118208K
  class space    used 8404K, capacity 9069K, committed 9164K, reserved 1048576K
GC Heap History (10 events):
Event: 0.724 GC heap before
{Heap before GC invocations=1 (full 0):
 garbage-first heap   total 522240K, used 80016K [0x00000000e0000000, 0x0000000100000000)
  region size 1024K, 80 young (81920K), 4 survivors (4096K)
 Metaspace       used 20817K, capacity 21141K, committed 21248K, reserved 1069056K
  class space    used 2322K, capacity 2466K, committed 2560K, reserved 1048576K
}
Event: 0.730 GC heap after
{Heap after GC invocations=2 (full 0):
 garbage-first heap   total 522240K, used 6650K [0x00000000e0000000, 0x0000000100000000)
  region size 1024K, 7 young (7168K), 7 survivors (7168K)
 Metaspace       used 20817K, capacity 21141K, committed 21248K, reserved 1069056K
  class space    used 2322K, capacity 2466K, committed 2560K, reserved 1048576K
}
Event: 3.246 GC heap before
{Heap before GC invocations=3 (full 0):
 garbage-first heap   total 522240K, used 97786K [0x00000000e0000000, 0x0000000100000000)
  region size 1024K, 97 young (99328K), 7 survivors (7168K)
 Metaspace       used 35063K, capacity 35810K, committed 35840K, reserved 1081344K
  class space    used 3915K, capacity 4204K, committed 4224K, reserved 1048576K
}
Event: 3.267 GC heap after
{Heap after GC invocations=4 (full 0):
 garbage-first heap   total 522240K, used 15237K [0x00000000e0000000, 0x0000000100000000)
  region size 1024K, 15 young (15360K), 15 survivors (15360K)
 Metaspace       used 35063K, capacity 35810K, committed 35840K, reserved 1081344K
  class space    used 3915K, capacity 4204K, committed 4224K, reserved 1048576K
}
Event: 5.697 GC heap before
{Heap before GC invocations=5 (full 0):
 garbage-first heap   total 522240K, used 103301K [0x00000000e0000000, 0x0000000100000000)
  region size 1024K, 98 young (100352K), 15 survivors (15360K)
 Metaspace       used 58847K, capacity 60097K, committed 60160K, reserved 1101824K
  class space    used 6359K, capacity 6905K, committed 6912K, reserved 1048576K
}
Event: 5.705 GC heap after
{Heap after GC invocations=6 (full 0):
 garbage-first heap   total 522240K, used 24447K [0x00000000e0000000, 0x0000000100000000)
  region size 1024K, 16 young (16384K), 16 survivors (16384K)
 Metaspace       used 58847K, capacity 60097K, committed 60160K, reserved 1101824K
  class space    used 6359K, capacity 6905K, committed 6912K, reserved 1048576K
}
Event: 6.951 GC heap before
{Heap before GC invocations=7 (full 0):
 garbage-first heap   total 522240K, used 125823K [0x00000000e0000000, 0x0000000100000000)
  region size 1024K, 113 young (115712K), 16 survivors (16384K)
 Metaspace       used 71046K, capacity 72436K, committed 72524K, reserved 1114112K
  class space    used 7901K, capacity 8496K, committed 8524K, reserved 1048576K
}
Event: 6.958 GC heap after
{Heap after GC invocations=8 (full 0):
 garbage-first heap   total 522240K, used 40757K [0x00000000e0000000, 0x0000000100000000)
  region size 1024K, 15 young (15360K), 15 survivors (15360K)
 Metaspace       used 71046K, capacity 72436K, committed 72524K, reserved 1114112K
  class space    used 7901K, capacity 8496K, committed 8524K, reserved 1048576K
}
Event: 7.603 GC heap before
{Heap before GC invocations=8 (full 0):
 garbage-first heap   total 522240K, used 229173K [0x00000000e0000000, 0x0000000100000000)
  region size 1024K, 188 young (192512K), 15 survivors (15360K)
 Metaspace       used 74776K, capacity 76357K, committed 76620K, reserved 1116160K
  class space    used 8295K, capacity 8966K, committed 9036K, reserved 1048576K
}
Event: 7.612 GC heap after
{Heap after GC invocations=9 (full 0):
 garbage-first heap   total 522240K, used 62464K [0x00000000e0000000, 0x0000000100000000)
  region size 1024K, 24 young (24576K), 24 survivors (24576K)
 Metaspace       used 74776K, capacity 76357K, committed 76620K, reserved 1116160K
  class space    used 8295K, capacity 8966K, committed 9036K, reserved 1048576K
}

